14:41:26 16/10/2023: Users pdrzan and pdrzan2 are playing
14:41:26 16/10/2023: User pdrzan became active
14:41:26 16/10/2023: User pdrzan2 became active
14:43:5 16/10/2023: Users pdrzan and pdrzan2 are playing
14:43:5 16/10/2023: User pdrzan became active
14:43:5 16/10/2023: User pdrzan2 became active
16:10:51 18/10/2023: User Zanelato registered
16:12:0 18/10/2023: User pdrzan registered
16:17:34 18/10/2023: User pdrzan2 registered
19:26:31 18/10/2023: User a registered
13:04:24 20/10/2023: User pdrzan3 registered
13:04:37 20/10/2023: Users pdrzan and pdrzan2 are playing
13:04:37 20/10/2023: User pdrzan became active
13:04:37 20/10/2023: User pdrzan2 became active
13:07:34 20/10/2023: Users pdrzan3 and pdrzan2 are playing
13:07:34 20/10/2023: User pdrzan3 became active
13:07:34 20/10/2023: User pdrzan2 became active
13:24:46 20/10/2023: Users pdrzan3 and pdrzan2 are playing
13:24:46 20/10/2023: User pdrzan3 became active
13:24:46 20/10/2023: User pdrzan2 became active
13:26:58 20/10/2023: Users pdrzan3 and pdrzan2 are playing
13:26:58 20/10/2023: User pdrzan3 became active
13:26:58 20/10/2023: User pdrzan2 became active
13:29:28 20/10/2023: Users pdrzan2 and pdrzan are playing
13:29:28 20/10/2023: User pdrzan2 became active
13:29:28 20/10/2023: User pdrzan became active
13:32:41 20/10/2023: Users pdrzan3 and pdrzan2 are playing
13:32:41 20/10/2023: User pdrzan3 became active
13:32:41 20/10/2023: User pdrzan2 became active
13:37:25 20/10/2023: Users pdrzan and pdrzan2 are playing
13:37:25 20/10/2023: User pdrzan became active
13:37:25 20/10/2023: User pdrzan2 became active
13:41:30 20/10/2023: Users pdrzan and pdrzan2 are playing
13:41:30 20/10/2023: User pdrzan became active
13:41:30 20/10/2023: User pdrzan2 became active
13:45:51 20/10/2023: Users pdrzan3 and pdrzan2 are playing
13:45:51 20/10/2023: User pdrzan3 became active
13:45:51 20/10/2023: User pdrzan2 became active
13:50:51 20/10/2023: Users pdrzan3 and pdrzan2 are playing
13:50:51 20/10/2023: User pdrzan3 became active
13:50:51 20/10/2023: User pdrzan2 became active
13:54:01 20/10/2023: Users pdrzan3 and pdrzan2 are playing
13:54:01 20/10/2023: User pdrzan3 became active
13:54:01 20/10/2023: User pdrzan2 became active
14:04:54 20/10/2023: Users pdrzan2 and pdrzan are playing
14:04:54 20/10/2023: User pdrzan2 became active
14:04:54 20/10/2023: User pdrzan became active
14:05:27 20/10/2023: Users pdrzan2 and pdrzan are playing
14:05:27 20/10/2023: User pdrzan2 became active
14:05:27 20/10/2023: User pdrzan became active
14:08:16 20/10/2023: Users pdrzan2 and pdrzan are playing
14:08:16 20/10/2023: User pdrzan2 became active
14:08:16 20/10/2023: User pdrzan became active
14:09:07 20/10/2023: Users pdrzan2 and pdrzan are playing
14:09:07 20/10/2023: User pdrzan2 became active
14:09:07 20/10/2023: User pdrzan became active
14:10:00 20/10/2023: Users pdrzan2 and pdrzan are playing
14:10:00 20/10/2023: User pdrzan2 became active
14:10:00 20/10/2023: User pdrzan became active
14:10:51 20/10/2023: Users pdrzan2 and pdrzan are playing
14:10:51 20/10/2023: User pdrzan2 became active
14:10:51 20/10/2023: User pdrzan became active
14:12:03 20/10/2023: Users pdrzan and pdrzan2 are playing
14:12:03 20/10/2023: User pdrzan became active
14:12:03 20/10/2023: User pdrzan2 became active
14:15:29 20/10/2023: Users pdrzan2 and pdrzan are playing
14:15:29 20/10/2023: User pdrzan2 became active
14:15:29 20/10/2023: User pdrzan became active
14:27:42 20/10/2023: User asd registered
